<?xml version="1.0" encoding="UTF-8"?>
<testng-results skipped="0" failed="0" ignored="0" total="1" passed="1">
  <reporter-output>
  </reporter-output>
  <suite name="Default suite" duration-ms="4966" started-at="2022-12-02T14:50:27 IST" finished-at="2022-12-02T14:50:32 IST">
    <groups>
    </groups>
    <test name="Default test" duration-ms="4966" started-at="2022-12-02T14:50:27 IST" finished-at="2022-12-02T14:50:32 IST">
      <class name="facebooktestng.NewTest">
        <test-method status="PASS" signature="f()[pri:0, instance:facebooktestng.NewTest@7b69c6ba]" name="f" duration-ms="4926" started-at="2022-12-02T14:50:27 IST" finished-at="2022-12-02T14:50:32 IST">
          <reporter-output>
          </reporter-output>
        </test-method> <!-- f -->
      </class> <!-- facebooktestng.NewTest -->
    </test> <!-- Default test -->
  </suite> <!-- Default suite -->
</testng-results>
